
> 24sevenclaw-web@0.1.0 dev
> next dev

▲ Next.js 16.2.1 (Turbopack)
- Local:         http://localhost:3000
- Network:       http://10.255.255.254:3000
- Environments: .env.local
✓ Ready in 13.7s
⚠ The "middleware" file convention is deprecated. Please use "proxy" instead. Learn more: https://nextjs.org/docs/messages/middleware-to-proxy

 GET / 200 in 4.9s (next.js: 3.9s, application-code: 1009ms)
 GET / 200 in 4.9s (next.js: 4.1s, application-code: 814ms)
 GET /api/auth/session 200 in 9.8s (next.js: 9.7s, application-code: 39ms)
 GET /api/auth/session 200 in 65ms (next.js: 24ms, application-code: 41ms)
 GET /api/auth/session 200 in 41ms (next.js: 24ms, application-code: 18ms)
 GET /api/auth/session 200 in 23ms (next.js: 9ms, application-code: 15ms)
 GET /register 200 in 413ms (next.js: 371ms, application-code: 42ms)
 GET /login 200 in 146ms (next.js: 102ms, application-code: 44ms)
 GET /api/auth/providers 200 in 31ms (next.js: 19ms, application-code: 12ms)
 GET /api/auth/csrf 200 in 37ms (next.js: 15ms, application-code: 22ms)
 POST /api/auth/callback/credentials? 200 in 351ms (next.js: 26ms, application-code: 325ms)
 GET /api/auth/session 200 in 30ms (next.js: 6ms, application-code: 24ms)
 GET /projects 200 in 358ms (next.js: 197ms, proxy.ts: 131ms, application-code: 30ms)
 GET /projects 200 in 61ms (next.js: 26ms, proxy.ts: 13ms, application-code: 22ms)
 GET /projects/new 200 in 183ms (next.js: 154ms, proxy.ts: 11ms, application-code: 18ms)
[browser] Uncaught Error: Objects are not valid as a React child (found: object with keys {type, loc, msg, input, ctx}). If you meant to render a collection of children, use an array instead.
    at NewProjectPage (src/app/(dashboard)/projects/new/page.tsx:127:7)
  125 |       )}
  126 |
> 127 |       <StepComponent />
      |       ^
  128 |     </WizardLayout>
  129 |   );
  130 | }
 GET / 200 in 138ms (next.js: 59ms, application-code: 79ms)
 GET /api/auth/session 200 in 50ms (next.js: 27ms, application-code: 24ms)
 GET /api/auth/session 200 in 40ms (next.js: 14ms, application-code: 26ms)
 GET /login 200 in 39ms (next.js: 19ms, application-code: 20ms)
 GET /api/auth/providers 200 in 26ms (next.js: 16ms, application-code: 11ms)
 GET /api/auth/csrf 200 in 28ms (next.js: 19ms, application-code: 8ms)
 POST /api/auth/callback/credentials? 200 in 228ms (next.js: 20ms, application-code: 207ms)
 GET /api/auth/session 200 in 20ms (next.js: 9ms, application-code: 11ms)
 GET /projects 200 in 95ms (next.js: 27ms, proxy.ts: 26ms, application-code: 42ms)
 GET /projects 200 in 76ms (next.js: 26ms, proxy.ts: 22ms, application-code: 27ms)
 GET /projects/new 200 in 49ms (next.js: 21ms, proxy.ts: 10ms, application-code: 18ms)
[browser] Uncaught Error: Objects are not valid as a React child (found: object with keys {type, loc, msg, input, ctx}). If you meant to render a collection of children, use an array instead.
    at NewProjectPage (src/app/(dashboard)/projects/new/page.tsx:127:7)
  125 |       )}
  126 |
> 127 |       <StepComponent />
      |       ^
  128 |     </WizardLayout>
  129 |   );
  130 | }
 GET / 200 in 52ms (next.js: 18ms, application-code: 34ms)
 GET /projects 200 in 193ms (next.js: 32ms, proxy.ts: 25ms, application-code: 136ms)
 GET /api/auth/session 200 in 45ms (next.js: 24ms, application-code: 21ms)
 GET /api/auth/session 200 in 26ms (next.js: 10ms, application-code: 16ms)
 GET /projects/new 200 in 53ms (next.js: 22ms, proxy.ts: 12ms, application-code: 20ms)
[browser] Uncaught Error: Objects are not valid as a React child (found: object with keys {type, loc, msg, input, ctx}). If you meant to render a collection of children, use an array instead.
    at NewProjectPage (src/app/(dashboard)/projects/new/page.tsx:127:7)
  125 |       )}
  126 |
> 127 |       <StepComponent />
      |       ^
  128 |     </WizardLayout>
  129 |   );
  130 | }
 GET /projects/new 200 in 261ms (next.js: 24ms, proxy.ts: 22ms, application-code: 214ms)
 GET /api/auth/session 200 in 60ms (next.js: 34ms, application-code: 26ms)
 GET /api/auth/session 200 in 30ms (next.js: 12ms, application-code: 18ms)
 GET /projects 200 in 53ms (next.js: 22ms, proxy.ts: 12ms, application-code: 18ms)
 GET /projects/new 200 in 57ms (next.js: 24ms, proxy.ts: 11ms, application-code: 22ms)
 GET /projects 200 in 52ms (next.js: 20ms, proxy.ts: 13ms, application-code: 19ms)
 GET /projects/4d56f643-b2e3-47f9-bd55-7a33b04f1858 200 in 9.2s (next.js: 9.1s, proxy.ts: 13ms, application-code: 44ms)
 GET /projects/4d56f643-b2e3-47f9-bd55-7a33b04f1858 200 in 105ms (next.js: 55ms, proxy.ts: 17ms, application-code: 33ms)
 GET /projects/4d56f643-b2e3-47f9-bd55-7a33b04f1858 200 in 96ms (next.js: 50ms, proxy.ts: 14ms, application-code: 32ms)
 GET /projects/4d56f643-b2e3-47f9-bd55-7a33b04f1858 200 in 89ms (next.js: 44ms, proxy.ts: 14ms, application-code: 31ms)
 GET /projects/4d56f643-b2e3-47f9-bd55-7a33b04f1858 200 in 87ms (next.js: 50ms, proxy.ts: 13ms, application-code: 24ms)
 GET /projects 200 in 62ms (next.js: 25ms, proxy.ts: 13ms, application-code: 25ms)
 GET /projects/4d56f643-b2e3-47f9-bd55-7a33b04f1858 200 in 84ms (next.js: 48ms, proxy.ts: 12ms, application-code: 24ms)
✓ Finished filesystem cache database compaction in 17.3s
 GET /projects 200 in 58ms (next.js: 22ms, proxy.ts: 15ms, application-code: 21ms)
 GET /api/auth/csrf 200 in 30ms (next.js: 18ms, application-code: 12ms)
 POST /api/auth/signout 200 in 22ms (next.js: 9ms, application-code: 13ms)
 GET /login 200 in 211ms (next.js: 28ms, application-code: 183ms)
 GET /api/auth/session 200 in 22ms (next.js: 9ms, application-code: 13ms)
 GET /api/auth/session 200 in 21ms (next.js: 8ms, application-code: 12ms)
 GET / 200 in 48ms (next.js: 17ms, application-code: 31ms)
 GET /register 200 in 101ms (next.js: 44ms, application-code: 57ms)
 GET /register 200 in 371ms (next.js: 21ms, application-code: 350ms)
 GET /api/auth/session 200 in 68ms (next.js: 44ms, application-code: 24ms)
 GET /api/auth/session 200 in 22ms (next.js: 9ms, application-code: 13ms)
 GET / 200 in 70ms (next.js: 23ms, application-code: 48ms)
 GET /login 200 in 58ms (next.js: 27ms, application-code: 31ms)
 GET / 200 in 46ms (next.js: 17ms, application-code: 29ms)
 GET / 200 in 102ms (next.js: 40ms, application-code: 62ms)
 GET /api/auth/session 200 in 29ms (next.js: 16ms, application-code: 13ms)
 GET /api/auth/session 200 in 22ms (next.js: 9ms, application-code: 13ms)
 GET / 200 in 34ms (next.js: 18ms, application-code: 16ms)
 GET / 200 in 89ms (next.js: 30ms, application-code: 59ms)
 GET /api/auth/session 200 in 28ms (next.js: 15ms, application-code: 13ms)
 GET /api/auth/session 200 in 22ms (next.js: 9ms, application-code: 13ms)
 GET / 200 in 83ms (next.js: 35ms, application-code: 47ms)
 GET /api/auth/session 200 in 31ms (next.js: 17ms, application-code: 14ms)
 GET /api/auth/session 200 in 23ms (next.js: 10ms, application-code: 13ms)
 GET / 200 in 105ms (next.js: 41ms, application-code: 64ms)
 GET /api/auth/session 200 in 31ms (next.js: 17ms, application-code: 15ms)
 GET /api/auth/session 200 in 23ms (next.js: 9ms, application-code: 14ms)
 GET / 200 in 80ms (next.js: 23ms, application-code: 57ms)
 GET /api/auth/session 200 in 33ms (next.js: 17ms, application-code: 15ms)
 GET /api/auth/session 200 in 24ms (next.js: 9ms, application-code: 15ms)
 GET / 200 in 97ms (next.js: 32ms, application-code: 65ms)
 GET /api/auth/session 200 in 34ms (next.js: 22ms, application-code: 12ms)
 GET /api/auth/session 200 in 29ms (next.js: 13ms, application-code: 16ms)
 GET / 200 in 76ms (next.js: 26ms, application-code: 50ms)
 GET /api/auth/session 200 in 28ms (next.js: 15ms, application-code: 13ms)
 GET /api/auth/session 200 in 22ms (next.js: 9ms, application-code: 13ms)
 GET / 200 in 57ms (next.js: 16ms, application-code: 41ms)
 GET /api/auth/session 200 in 22ms (next.js: 9ms, application-code: 13ms)
 GET /api/auth/session 200 in 25ms (next.js: 9ms, application-code: 17ms)
 GET / 200 in 127ms (next.js: 50ms, application-code: 77ms)
 GET /api/auth/session 200 in 34ms (next.js: 22ms, application-code: 12ms)
 GET /api/auth/session 200 in 24ms (next.js: 9ms, application-code: 15ms)
 GET / 200 in 73ms (next.js: 18ms, application-code: 54ms)
 GET /api/auth/session 200 in 29ms (next.js: 15ms, application-code: 14ms)
 GET /api/auth/session 200 in 28ms (next.js: 10ms, application-code: 17ms)
 GET / 200 in 72ms (next.js: 25ms, application-code: 47ms)
 GET /api/auth/session 200 in 27ms (next.js: 14ms, application-code: 14ms)
 GET /api/auth/session 200 in 28ms (next.js: 13ms, application-code: 16ms)
 GET / 200 in 80ms (next.js: 36ms, application-code: 44ms)
 GET /api/auth/session 200 in 26ms (next.js: 14ms, application-code: 12ms)
 GET /api/auth/session 200 in 33ms (next.js: 10ms, application-code: 23ms)
 GET / 200 in 80ms (next.js: 24ms, application-code: 57ms)
 GET /api/auth/session 200 in 31ms (next.js: 19ms, application-code: 12ms)
 GET /api/auth/session 200 in 21ms (next.js: 9ms, application-code: 13ms)
 GET / 200 in 65ms (next.js: 18ms, application-code: 47ms)
 GET /api/auth/session 200 in 47ms (next.js: 26ms, application-code: 21ms)
 GET /api/auth/session 200 in 25ms (next.js: 10ms, application-code: 15ms)
 GET /api/auth/session 200 in 23ms (next.js: 9ms, application-code: 13ms)
 GET / 200 in 91ms (next.js: 27ms, application-code: 63ms)
 GET /api/auth/session 200 in 28ms (next.js: 16ms, application-code: 13ms)
 GET /api/auth/session 200 in 55ms (next.js: 21ms, application-code: 34ms)
 GET /api/auth/session 200 in 50ms (next.js: 15ms, application-code: 35ms)
[?25h
